This file contains any messages produced by compilers while
running configure, to aid debugging if configure makes a mistake.

It was created by opus configure 1.3.1, which was
generated by GNU Autoconf 2.69.  Invocation command line was

  $ ./configure --host=x86_64-apple-darwin --enable-fixed-point --disable-doc --disable-extra-programs --disable-asm --build=arm-apple-darwin22.1.0 CFLAGS=-arch x86_64 -pipe -isysroot /Applications/Xcode_14_0_1.app/Contents/Developer/Platforms/MacOSX.platform/Developer/SDKs/MacOSX.sdk -Os -DNDEBUG -mmacosx-version-min=10.11 

## --------- ##
## Platform. ##
## --------- ##

hostname = Mikes-MacBook-Pro.local
uname -m = arm64
uname -r = 22.1.0
uname -s = Darwin
uname -v = Darwin Kernel Version 22.1.0: Sun Oct  9 20:15:09 PDT 2022; root:xnu-8792.41.9~2/RELEASE_ARM64_T6000

/usr/bin/uname -p = arm
/bin/uname -X     = unknown

/bin/arch              = unknown
/usr/bin/arch -k       = unknown
/usr/convex/getsysinfo = unknown
/usr/bin/hostinfo      = Mach kernel version:
	 Darwin Kernel Version 22.1.0: Sun Oct  9 20:15:09 PDT 2022; root:xnu-8792.41.9~2/RELEASE_ARM64_T6000
Kernel configured for up to 10 processors.
10 processors are physically available.
10 processors are logically available.
Processor type: arm64e (ARM64E)
Processors active: 0 1 2 3 4 5 6 7 8 9
Primary memory available: 32.00 gigabytes
Default processor set: 431 tasks, 2430 threads, 10 processors
Load average: 5.92, Mach factor: 4.36
/bin/machine           = unknown
/usr/bin/oslevel       = unknown
/bin/universe          = unknown

PATH: /Applications/Xcode_14_0_1.app/Contents/Developer/Toolchains/XcodeDefault.xctoolchain/usr/bin
PATH: /Applications/Xcode_14_0_1.app/Contents/Developer/Toolchains/XcodeDefault.xctoolchain/usr/bin
PATH: /Applications/Xcode_14_0_1.app/Contents/Developer/Toolchains/XcodeDefault.xctoolchain/usr/appleinternal/bin
PATH: /Applications/Xcode_14_0_1.app/Contents/Developer/Toolchains/XcodeDefault.xctoolchain/usr/local/bin
PATH: /Applications/Xcode_14_0_1.app/Contents/Developer/Toolchains/XcodeDefault.xctoolchain/usr/libexec
PATH: /Applications/Xcode_14_0_1.app/Contents/Developer/Platforms/MacOSX.platform/usr/bin
PATH: /Applications/Xcode_14_0_1.app/Contents/Developer/Platforms/MacOSX.platform/usr/appleinternal/bin
PATH: /Applications/Xcode_14_0_1.app/Contents/Developer/Platforms/MacOSX.platform/usr/local/bin
PATH: /Applications/Xcode_14_0_1.app/Contents/Developer/Platforms/MacOSX.platform/Developer/usr/bin
PATH: /Applications/Xcode_14_0_1.app/Contents/Developer/Platforms/MacOSX.platform/Developer/usr/local/bin
PATH: /Applications/Xcode_14_0_1.app/Contents/Developer/usr/bin
PATH: /Applications/Xcode_14_0_1.app/Contents/Developer/usr/local/bin
PATH: /opt/homebrew/bin
PATH: /opt/homebrew/sbin
PATH: /usr/local/bin
PATH: /System/Cryptexes/App/usr/bin
PATH: /usr/bin
PATH: /bin
PATH: /usr/sbin
PATH: /sbin
PATH: /Library/Apple/usr/bin


## ----------- ##
## Core tests. ##
## ----------- ##

configure:2364: checking whether make supports nested variables
configure:2381: result: yes
configure:2447: checking for a BSD-compatible install
configure:2515: result: /usr/bin/install -c
configure:2526: checking whether build environment is sane
configure:2581: result: yes
configure:2640: checking for x86_64-apple-darwin-strip
configure:2670: result: no
configure:2680: checking for strip
configure:2696: found /Applications/Xcode_14_0_1.app/Contents/Developer/Toolchains/XcodeDefault.xctoolchain/usr/bin/strip
configure:2707: result: strip
configure:2719: WARNING: using cross tools not prefixed with host triplet
configure:2732: checking for a thread-safe mkdir -p
configure:2771: result: ./install-sh -c -d
configure:2778: checking for gawk
configure:2808: result: no
configure:2778: checking for mawk
configure:2808: result: no
configure:2778: checking for nawk
configure:2808: result: no
configure:2778: checking for awk
configure:2794: found /usr/bin/awk
configure:2805: result: awk
configure:2816: checking whether make sets $(MAKE)
configure:2838: result: yes
configure:2963: checking whether to enable maintainer-specific portions of Makefiles
configure:2972: result: yes
configure:2990: checking build system type
configure:3004: result: arm-apple-darwin22.1.0
configure:3024: checking host system type
configure:3037: result: x86_64-apple-darwin
configure:3109: checking how to print strings
configure:3136: result: printf
configure:3169: checking for style of include used by make
configure:3197: result: GNU
configure:3228: checking for x86_64-apple-darwin-gcc
configure:3258: result: no
configure:3268: checking for gcc
configure:3284: found /Applications/Xcode_14_0_1.app/Contents/Developer/usr/bin/gcc
configure:3295: result: gcc
configure:3524: checking for C compiler version
configure:3533: gcc --version >&5
Apple clang version 14.0.0 (clang-1400.0.29.102)
Target: arm64-apple-darwin22.1.0
Thread model: posix
InstalledDir: /Applications/Xcode_14_0_1.app/Contents/Developer/Toolchains/XcodeDefault.xctoolchain/usr/bin
configure:3544: $? = 0
configure:3533: gcc -v >&5
Apple clang version 14.0.0 (clang-1400.0.29.102)
Target: arm64-apple-darwin22.1.0
Thread model: posix
InstalledDir: /Applications/Xcode_14_0_1.app/Contents/Developer/Toolchains/XcodeDefault.xctoolchain/usr/bin
configure:3544: $? = 0
configure:3533: gcc -V >&5
clang: error: argument to '-V' is missing (expected 1 value)
clang: error: no input files
configure:3544: $? = 1
configure:3533: gcc -qversion >&5
clang: error: unknown argument '-qversion'; did you mean '--version'?
clang: error: no input files
configure:3544: $? = 1
configure:3564: checking whether the C compiler works
configure:3586: gcc -arch x86_64 -pipe -isysroot /Applications/Xcode_14_0_1.app/Contents/Developer/Platforms/MacOSX.platform/Developer/SDKs/MacOSX.sdk -Os -DNDEBUG -mmacosx-version-min=10.11    conftest.c  >&5
configure:3590: $? = 0
configure:3638: result: yes
configure:3641: checking for C compiler default output file name
configure:3643: result: a.out
configure:3649: checking for suffix of executables
configure:3656: gcc -o conftest -arch x86_64 -pipe -isysroot /Applications/Xcode_14_0_1.app/Contents/Developer/Platforms/MacOSX.platform/Developer/SDKs/MacOSX.sdk -Os -DNDEBUG -mmacosx-version-min=10.11    conftest.c  >&5
configure:3660: $? = 0
configure:3682: result: 
configure:3704: checking whether we are cross compiling
configure:3742: result: yes
configure:3747: checking for suffix of object files
configure:3769: gcc -c -arch x86_64 -pipe -isysroot /Applications/Xcode_14_0_1.app/Contents/Developer/Platforms/MacOSX.platform/Developer/SDKs/MacOSX.sdk -Os -DNDEBUG -mmacosx-version-min=10.11   conftest.c >&5
configure:3773: $? = 0
configure:3794: result: o
configure:3798: checking whether we are using the GNU C compiler
configure:3817: gcc -c -arch x86_64 -pipe -isysroot /Applications/Xcode_14_0_1.app/Contents/Developer/Platforms/MacOSX.platform/Developer/SDKs/MacOSX.sdk -Os -DNDEBUG -mmacosx-version-min=10.11   conftest.c >&5
configure:3817: $? = 0
configure:3826: result: yes
configure:3835: checking whether gcc accepts -g
configure:3855: gcc -c -g  conftest.c >&5
configure:3855: $? = 0
configure:3896: result: yes
configure:3913: checking for gcc option to accept ISO C89
configure:3976: gcc  -c -arch x86_64 -pipe -isysroot /Applications/Xcode_14_0_1.app/Contents/Developer/Platforms/MacOSX.platform/Developer/SDKs/MacOSX.sdk -Os -DNDEBUG -mmacosx-version-min=10.11   conftest.c >&5
configure:3976: $? = 0
configure:3989: result: none needed
configure:4014: checking whether gcc understands -c and -o together
configure:4036: gcc -c conftest.c -o conftest2.o
configure:4039: $? = 0
configure:4036: gcc -c conftest.c -o conftest2.o
configure:4039: $? = 0
configure:4051: result: yes
configure:4070: checking dependency style of gcc
configure:4181: result: gcc3
configure:4196: checking for a sed that does not truncate output
configure:4260: result: /usr/bin/sed
configure:4278: checking for grep that handles long lines and -e
configure:4336: result: /usr/bin/grep
configure:4341: checking for egrep
configure:4403: result: /usr/bin/grep -E
configure:4408: checking for fgrep
configure:4470: result: /usr/bin/grep -F
configure:4505: checking for ld used by gcc
configure:4572: result: /Applications/Xcode_14_0_1.app/Contents/Developer/Toolchains/XcodeDefault.xctoolchain/usr/bin/ld
configure:4579: checking if the linker (/Applications/Xcode_14_0_1.app/Contents/Developer/Toolchains/XcodeDefault.xctoolchain/usr/bin/ld) is GNU ld
configure:4594: result: no
configure:4606: checking for BSD- or MS-compatible name lister (nm)
configure:4660: result: no
configure:4674: checking for x86_64-apple-darwin-dumpbin
configure:4704: result: no
configure:4674: checking for x86_64-apple-darwin-link
configure:4704: result: no
configure:4718: checking for dumpbin
configure:4748: result: no
configure:4718: checking for link
configure:4734: found /bin/link
configure:4745: result: link -dump
configure:4790: checking the name lister (nm) interface
configure:4797: gcc -c -arch x86_64 -pipe -isysroot /Applications/Xcode_14_0_1.app/Contents/Developer/Platforms/MacOSX.platform/Developer/SDKs/MacOSX.sdk -Os -DNDEBUG -mmacosx-version-min=10.11   conftest.c >&5
configure:4800: nm "conftest.o"
configure:4803: output
0000000000000000 S _some_variable
configure:4810: result: BSD nm
configure:4813: checking whether ln -s works
configure:4817: result: yes
configure:4825: checking the maximum length of command line arguments
configure:4956: result: 786432
configure:5004: checking how to convert arm-apple-darwin22.1.0 file names to x86_64-apple-darwin format
configure:5044: result: func_convert_file_noop
configure:5051: checking how to convert arm-apple-darwin22.1.0 file names to toolchain format
configure:5071: result: func_convert_file_noop
configure:5078: checking for /Applications/Xcode_14_0_1.app/Contents/Developer/Toolchains/XcodeDefault.xctoolchain/usr/bin/ld option to reload object files
configure:5085: result: -r
configure:5119: checking for x86_64-apple-darwin-objdump
configure:5149: result: no
configure:5159: checking for objdump
configure:5175: found /Applications/Xcode_14_0_1.app/Contents/Developer/Toolchains/XcodeDefault.xctoolchain/usr/bin/objdump
configure:5186: result: objdump
configure:5218: checking how to recognize dependent libraries
configure:5418: result: pass_all
configure:5463: checking for x86_64-apple-darwin-dlltool
configure:5493: result: no
configure:5503: checking for dlltool
configure:5533: result: no
configure:5563: checking how to associate runtime and link libraries
configure:5590: result: printf %s\n
configure:5607: checking for x86_64-apple-darwin-ar
configure:5637: result: no
configure:5651: checking for ar
configure:5667: found /Applications/Xcode_14_0_1.app/Contents/Developer/Toolchains/XcodeDefault.xctoolchain/usr/bin/ar
configure:5678: result: ar
configure:5715: checking for archiver @FILE support
configure:5732: gcc -c -arch x86_64 -pipe -isysroot /Applications/Xcode_14_0_1.app/Contents/Developer/Platforms/MacOSX.platform/Developer/SDKs/MacOSX.sdk -Os -DNDEBUG -mmacosx-version-min=10.11   conftest.c >&5
configure:5732: $? = 0
configure:5735: ar cru libconftest.a @conftest.lst >&5
ar: @conftest.lst: No such file or directory
configure:5738: $? = 1
configure:5758: result: no
configure:5776: checking for x86_64-apple-darwin-strip
configure:5803: result: strip
configure:5875: checking for x86_64-apple-darwin-ranlib
configure:5905: result: no
configure:5915: checking for ranlib
configure:5931: found /Applications/Xcode_14_0_1.app/Contents/Developer/Toolchains/XcodeDefault.xctoolchain/usr/bin/ranlib
configure:5942: result: ranlib
configure:6044: checking command to parse nm output from gcc object
configure:6197: gcc -c -arch x86_64 -pipe -isysroot /Applications/Xcode_14_0_1.app/Contents/Developer/Platforms/MacOSX.platform/Developer/SDKs/MacOSX.sdk -Os -DNDEBUG -mmacosx-version-min=10.11   conftest.c >&5
configure:6200: $? = 0
configure:6204: nm conftest.o \| sed -n -e 's/^.*[ ]\([ABCDGIRSTW][ABCDGIRSTW]*\)[ ][ ]*\([_A-Za-z][_A-Za-z0-9]*\)$/\1 \2 \2/p' | sed '/ __gnu_lto/d' \> conftest.nm
configure:6207: $? = 0
cannot find nm_test_var in conftest.nm
configure:6197: gcc -c -arch x86_64 -pipe -isysroot /Applications/Xcode_14_0_1.app/Contents/Developer/Platforms/MacOSX.platform/Developer/SDKs/MacOSX.sdk -Os -DNDEBUG -mmacosx-version-min=10.11   conftest.c >&5
configure:6200: $? = 0
configure:6204: nm conftest.o \| sed -n -e 's/^.*[ ]\([ABCDGIRSTW][ABCDGIRSTW]*\)[ ][ ]*_\([_A-Za-z][_A-Za-z0-9]*\)$/\1 _\2 \2/p' | sed '/ __gnu_lto/d' \> conftest.nm
configure:6207: $? = 0
configure:6273: gcc -o conftest -arch x86_64 -pipe -isysroot /Applications/Xcode_14_0_1.app/Contents/Developer/Platforms/MacOSX.platform/Developer/SDKs/MacOSX.sdk -Os -DNDEBUG -mmacosx-version-min=10.11    conftest.c conftstm.o >&5
configure:6276: $? = 0
configure:6314: result: ok
configure:6361: checking for sysroot
configure:6391: result: no
configure:6398: checking for a working dd
configure:6436: result: /bin/dd
configure:6440: checking how to truncate binary pipes
configure:6455: result: /bin/dd bs=4096 count=1
configure:6744: checking for x86_64-apple-darwin-mt
configure:6774: result: no
configure:6784: checking for mt
configure:6814: result: no
configure:6834: checking if : is a manifest tool
configure:6840: : '-?'
configure:6848: result: no
configure:6864: checking for x86_64-apple-darwin-dsymutil
configure:6894: result: no
configure:6904: checking for dsymutil
configure:6920: found /Applications/Xcode_14_0_1.app/Contents/Developer/Toolchains/XcodeDefault.xctoolchain/usr/bin/dsymutil
configure:6931: result: dsymutil
configure:6956: checking for x86_64-apple-darwin-nmedit
configure:6986: result: no
configure:6996: checking for nmedit
configure:7012: found /Applications/Xcode_14_0_1.app/Contents/Developer/Toolchains/XcodeDefault.xctoolchain/usr/bin/nmedit
configure:7023: result: nmedit
configure:7048: checking for x86_64-apple-darwin-lipo
configure:7078: result: no
configure:7088: checking for lipo
configure:7104: found /Applications/Xcode_14_0_1.app/Contents/Developer/Toolchains/XcodeDefault.xctoolchain/usr/bin/lipo
configure:7115: result: lipo
configure:7140: checking for x86_64-apple-darwin-otool
configure:7170: result: no
configure:7180: checking for otool
configure:7196: found /Applications/Xcode_14_0_1.app/Contents/Developer/Toolchains/XcodeDefault.xctoolchain/usr/bin/otool
configure:7207: result: otool
configure:7232: checking for x86_64-apple-darwin-otool64
configure:7262: result: no
configure:7272: checking for otool64
configure:7302: result: no
configure:7347: checking for -single_module linker flag
gcc -arch x86_64 -pipe -isysroot /Applications/Xcode_14_0_1.app/Contents/Developer/Platforms/MacOSX.platform/Developer/SDKs/MacOSX.sdk -Os -DNDEBUG -mmacosx-version-min=10.11   -o libconftest.dylib -dynamiclib -Wl,-single_module conftest.c
configure:7380: result: yes
configure:7383: checking for -exported_symbols_list linker flag
configure:7403: gcc -o conftest -arch x86_64 -pipe -isysroot /Applications/Xcode_14_0_1.app/Contents/Developer/Platforms/MacOSX.platform/Developer/SDKs/MacOSX.sdk -Os -DNDEBUG -mmacosx-version-min=10.11    -Wl,-exported_symbols_list,conftest.sym conftest.c  >&5
configure:7403: $? = 0
configure:7413: result: yes
configure:7416: checking for -force_load linker flag
gcc -arch x86_64 -pipe -isysroot /Applications/Xcode_14_0_1.app/Contents/Developer/Platforms/MacOSX.platform/Developer/SDKs/MacOSX.sdk -Os -DNDEBUG -mmacosx-version-min=10.11  -c -o conftest.o conftest.c
ar cru libconftest.a conftest.o
ranlib libconftest.a
gcc -arch x86_64 -pipe -isysroot /Applications/Xcode_14_0_1.app/Contents/Developer/Platforms/MacOSX.platform/Developer/SDKs/MacOSX.sdk -Os -DNDEBUG -mmacosx-version-min=10.11   -o conftest conftest.c -Wl,-force_load,./libconftest.a
configure:7448: result: yes
configure:7525: checking how to run the C preprocessor
configure:7556: gcc -E  conftest.c
configure:7556: $? = 0
configure:7570: gcc -E  conftest.c
conftest.c:9:10: fatal error: 'ac_nonexistent.h' file not found
#include <ac_nonexistent.h>
         ^~~~~~~~~~~~~~~~~~
1 error generated.
configure:7570: $? = 1
configure: failed program was:
| /* confdefs.h */
| #define PACKAGE_NAME "opus"
| #define PACKAGE_TARNAME "opus"
| #define PACKAGE_VERSION "1.3.1"
| #define PACKAGE_STRING "opus 1.3.1"
| #define PACKAGE_BUGREPORT "opus@xiph.org"
| #define PACKAGE_URL ""
| /* end confdefs.h.  */
| #include <ac_nonexistent.h>
configure:7595: result: gcc -E
configure:7615: gcc -E  conftest.c
configure:7615: $? = 0
configure:7629: gcc -E  conftest.c
conftest.c:9:10: fatal error: 'ac_nonexistent.h' file not found
#include <ac_nonexistent.h>
         ^~~~~~~~~~~~~~~~~~
1 error generated.
configure:7629: $? = 1
configure: failed program was:
| /* confdefs.h */
| #define PACKAGE_NAME "opus"
| #define PACKAGE_TARNAME "opus"
| #define PACKAGE_VERSION "1.3.1"
| #define PACKAGE_STRING "opus 1.3.1"
| #define PACKAGE_BUGREPORT "opus@xiph.org"
| #define PACKAGE_URL ""
| /* end confdefs.h.  */
| #include <ac_nonexistent.h>
configure:7658: checking for ANSI C header files
configure:7678: gcc -c -arch x86_64 -pipe -isysroot /Applications/Xcode_14_0_1.app/Contents/Developer/Platforms/MacOSX.platform/Developer/SDKs/MacOSX.sdk -Os -DNDEBUG -mmacosx-version-min=10.11   conftest.c >&5
configure:7678: $? = 0
configure:7762: result: yes
configure:7775: checking for sys/types.h
configure:7775: gcc -c -arch x86_64 -pipe -isysroot /Applications/Xcode_14_0_1.app/Contents/Developer/Platforms/MacOSX.platform/Developer/SDKs/MacOSX.sdk -Os -DNDEBUG -mmacosx-version-min=10.11   conftest.c >&5
configure:7775: $? = 0
configure:7775: result: yes
configure:7775: checking for sys/stat.h
configure:7775: gcc -c -arch x86_64 -pipe -isysroot /Applications/Xcode_14_0_1.app/Contents/Developer/Platforms/MacOSX.platform/Developer/SDKs/MacOSX.sdk -Os -DNDEBUG -mmacosx-version-min=10.11   conftest.c >&5
configure:7775: $? = 0
configure:7775: result: yes
configure:7775: checking for stdlib.h
configure:7775: gcc -c -arch x86_64 -pipe -isysroot /Applications/Xcode_14_0_1.app/Contents/Developer/Platforms/MacOSX.platform/Developer/SDKs/MacOSX.sdk -Os -DNDEBUG -mmacosx-version-min=10.11   conftest.c >&5
configure:7775: $? = 0
configure:7775: result: yes
configure:7775: checking for string.h
configure:7775: gcc -c -arch x86_64 -pipe -isysroot /Applications/Xcode_14_0_1.app/Contents/Developer/Platforms/MacOSX.platform/Developer/SDKs/MacOSX.sdk -Os -DNDEBUG -mmacosx-version-min=10.11   conftest.c >&5
configure:7775: $? = 0
configure:7775: result: yes
configure:7775: checking for memory.h
configure:7775: gcc -c -arch x86_64 -pipe -isysroot /Applications/Xcode_14_0_1.app/Contents/Developer/Platforms/MacOSX.platform/Developer/SDKs/MacOSX.sdk -Os -DNDEBUG -mmacosx-version-min=10.11   conftest.c >&5
configure:7775: $? = 0
configure:7775: result: yes
configure:7775: checking for strings.h
configure:7775: gcc -c -arch x86_64 -pipe -isysroot /Applications/Xcode_14_0_1.app/Contents/Developer/Platforms/MacOSX.platform/Developer/SDKs/MacOSX.sdk -Os -DNDEBUG -mmacosx-version-min=10.11   conftest.c >&5
configure:7775: $? = 0
configure:7775: result: yes
configure:7775: checking for inttypes.h
configure:7775: gcc -c -arch x86_64 -pipe -isysroot /Applications/Xcode_14_0_1.app/Contents/Developer/Platforms/MacOSX.platform/Developer/SDKs/MacOSX.sdk -Os -DNDEBUG -mmacosx-version-min=10.11   conftest.c >&5
configure:7775: $? = 0
configure:7775: result: yes
configure:7775: checking for stdint.h
configure:7775: gcc -c -arch x86_64 -pipe -isysroot /Applications/Xcode_14_0_1.app/Contents/Developer/Platforms/MacOSX.platform/Developer/SDKs/MacOSX.sdk -Os -DNDEBUG -mmacosx-version-min=10.11   conftest.c >&5
configure:7775: $? = 0
configure:7775: result: yes
configure:7775: checking for unistd.h
configure:7775: gcc -c -arch x86_64 -pipe -isysroot /Applications/Xcode_14_0_1.app/Contents/Developer/Platforms/MacOSX.platform/Developer/SDKs/MacOSX.sdk -Os -DNDEBUG -mmacosx-version-min=10.11   conftest.c >&5
configure:7775: $? = 0
configure:7775: result: yes
configure:7789: checking for dlfcn.h
configure:7789: gcc -c -arch x86_64 -pipe -isysroot /Applications/Xcode_14_0_1.app/Contents/Developer/Platforms/MacOSX.platform/Developer/SDKs/MacOSX.sdk -Os -DNDEBUG -mmacosx-version-min=10.11   conftest.c >&5
configure:7789: $? = 0
configure:7789: result: yes
configure:8045: checking for objdir
configure:8060: result: .libs
configure:8324: checking if gcc supports -fno-rtti -fno-exceptions
configure:8342: gcc -c -arch x86_64 -pipe -isysroot /Applications/Xcode_14_0_1.app/Contents/Developer/Platforms/MacOSX.platform/Developer/SDKs/MacOSX.sdk -Os -DNDEBUG -mmacosx-version-min=10.11   -fno-rtti -fno-exceptions conftest.c >&5
configure:8346: $? = 0
configure:8359: result: yes
configure:8717: checking for gcc option to produce PIC
configure:8724: result: -fno-common -DPIC
configure:8732: checking if gcc PIC flag -fno-common -DPIC works
configure:8750: gcc -c -arch x86_64 -pipe -isysroot /Applications/Xcode_14_0_1.app/Contents/Developer/Platforms/MacOSX.platform/Developer/SDKs/MacOSX.sdk -Os -DNDEBUG -mmacosx-version-min=10.11   -fno-common -DPIC -DPIC conftest.c >&5
configure:8754: $? = 0
configure:8767: result: yes
configure:8796: checking if gcc static flag -static works
configure:8824: result: no
configure:8839: checking if gcc supports -c -o file.o
configure:8860: gcc -c -arch x86_64 -pipe -isysroot /Applications/Xcode_14_0_1.app/Contents/Developer/Platforms/MacOSX.platform/Developer/SDKs/MacOSX.sdk -Os -DNDEBUG -mmacosx-version-min=10.11   -o out/conftest2.o conftest.c >&5
configure:8864: $? = 0
configure:8886: result: yes
configure:8894: checking if gcc supports -c -o file.o
configure:8941: result: yes
configure:8974: checking whether the gcc linker (/Applications/Xcode_14_0_1.app/Contents/Developer/Toolchains/XcodeDefault.xctoolchain/usr/bin/ld) supports shared libraries
configure:10233: result: yes
configure:10473: checking dynamic linker characteristics
configure:11294: result: darwin dyld
configure:11416: checking how to hardcode library paths into programs
configure:11441: result: immediate
configure:11989: checking whether stripping libraries is possible
configure:12003: result: yes
configure:12029: checking if libtool supports shared libraries
configure:12031: result: yes
configure:12034: checking whether to build shared libraries
configure:12059: result: yes
configure:12062: checking whether to build static libraries
configure:12066: result: yes
configure:12105: checking for gcc option to accept ISO C99
configure:12254: gcc  -c -arch x86_64 -pipe -isysroot /Applications/Xcode_14_0_1.app/Contents/Developer/Platforms/MacOSX.platform/Developer/SDKs/MacOSX.sdk -Os -DNDEBUG -mmacosx-version-min=10.11   conftest.c >&5
configure:12254: $? = 0
configure:12267: result: none needed
configure:12282: checking for an ANSI C-conforming const
configure:12348: gcc -c -arch x86_64 -pipe -isysroot /Applications/Xcode_14_0_1.app/Contents/Developer/Platforms/MacOSX.platform/Developer/SDKs/MacOSX.sdk -Os -DNDEBUG -mmacosx-version-min=10.11   conftest.c >&5
configure:12348: $? = 0
configure:12355: result: yes
configure:12363: checking for inline
configure:12379: gcc -c -arch x86_64 -pipe -isysroot /Applications/Xcode_14_0_1.app/Contents/Developer/Platforms/MacOSX.platform/Developer/SDKs/MacOSX.sdk -Os -DNDEBUG -mmacosx-version-min=10.11   conftest.c >&5
configure:12379: $? = 0
configure:12387: result: inline
configure:12415: checking dependency style of gcc
configure:12524: result: gcc3
configure:12548: checking for C/C++ restrict keyword
configure:12573: gcc -c -arch x86_64 -pipe -isysroot /Applications/Xcode_14_0_1.app/Contents/Developer/Platforms/MacOSX.platform/Developer/SDKs/MacOSX.sdk -Os -DNDEBUG -mmacosx-version-min=10.11   conftest.c >&5
configure:12573: $? = 0
configure:12581: result: __restrict
configure:12596: checking for C99 variable-size arrays
configure:12609: gcc -c -arch x86_64 -pipe -isysroot /Applications/Xcode_14_0_1.app/Contents/Developer/Platforms/MacOSX.platform/Developer/SDKs/MacOSX.sdk -Os -DNDEBUG -mmacosx-version-min=10.11   conftest.c >&5
configure:12609: $? = 0
configure:12622: result: yes
configure:13842: checking if compiler supports SSE intrinsics
configure:13863: gcc -o conftest -arch x86_64 -pipe -isysroot /Applications/Xcode_14_0_1.app/Contents/Developer/Platforms/MacOSX.platform/Developer/SDKs/MacOSX.sdk -Os -DNDEBUG -mmacosx-version-min=10.11    conftest.c  >&5
configure:13863: $? = 0
configure:13867: result: yes
configure:13926: checking if compiler supports SSE2 intrinsics
configure:13947: gcc -o conftest -arch x86_64 -pipe -isysroot /Applications/Xcode_14_0_1.app/Contents/Developer/Platforms/MacOSX.platform/Developer/SDKs/MacOSX.sdk -Os -DNDEBUG -mmacosx-version-min=10.11    conftest.c  >&5
configure:13947: $? = 0
configure:13951: result: yes
configure:14010: checking if compiler supports SSE4.1 intrinsics
configure:14031: gcc -o conftest -arch x86_64 -pipe -isysroot /Applications/Xcode_14_0_1.app/Contents/Developer/Platforms/MacOSX.platform/Developer/SDKs/MacOSX.sdk -Os -DNDEBUG -mmacosx-version-min=10.11    conftest.c  >&5
conftest.c:34:21: error: always_inline function '_mm_mul_epi32' requires target feature 'sse4.1', but would be inlined into function 'main' that is compiled without support for 'sse4.1'
            mtest = _mm_mul_epi32(mtest, mtest);
                    ^
1 error generated.
configure:14031: $? = 1
configure: failed program was:
| /* confdefs.h */
| #define PACKAGE_NAME "opus"
| #define PACKAGE_TARNAME "opus"
| #define PACKAGE_VERSION "1.3.1"
| #define PACKAGE_STRING "opus 1.3.1"
| #define PACKAGE_BUGREPORT "opus@xiph.org"
| #define PACKAGE_URL ""
| #define STDC_HEADERS 1
| #define HAVE_SYS_TYPES_H 1
| #define HAVE_SYS_STAT_H 1
| #define HAVE_STDLIB_H 1
| #define HAVE_STRING_H 1
| #define HAVE_MEMORY_H 1
| #define HAVE_STRINGS_H 1
| #define HAVE_INTTYPES_H 1
| #define HAVE_STDINT_H 1
| #define HAVE_UNISTD_H 1
| #define HAVE_DLFCN_H 1
| #define LT_OBJDIR ".libs/"
| #define OPUS_BUILD /**/
| #define restrict __restrict
| #define VAR_ARRAYS 1
| #define FIXED_POINT 1
| /* end confdefs.h.  */
| #include <smmintrin.h>
|            #include <time.h>
| 
| int
| main ()
| {
| 
|             __m128i mtest;
|             mtest = _mm_set1_epi32((int)time(NULL));
|             mtest = _mm_mul_epi32(mtest, mtest);
|             return _mm_cvtsi128_si32(mtest);
| 
| 
|   ;
|   return 0;
| }
configure:14041: result: no
configure:14043: checking if compiler supports SSE4.1 intrinsics with -msse4.1
configure:14065: gcc -o conftest -arch x86_64 -pipe -isysroot /Applications/Xcode_14_0_1.app/Contents/Developer/Platforms/MacOSX.platform/Developer/SDKs/MacOSX.sdk -Os -DNDEBUG -mmacosx-version-min=10.11  -msse4.1   conftest.c  >&5
configure:14065: $? = 0
configure:14067: result: yes
configure:14094: checking if compiler supports AVX intrinsics
configure:14115: gcc -o conftest -arch x86_64 -pipe -isysroot /Applications/Xcode_14_0_1.app/Contents/Developer/Platforms/MacOSX.platform/Developer/SDKs/MacOSX.sdk -Os -DNDEBUG -mmacosx-version-min=10.11    conftest.c  >&5
conftest.c:33:22: error: always_inline function '_mm256_set1_ps' requires target feature 'avx', but would be inlined into function 'main' that is compiled without support for 'avx'
             mtest = _mm256_set1_ps((float)time(NULL));
                     ^
conftest.c:33:22: error: AVX vector return of type '__m256' (vector of 8 'float' values) without 'avx' enabled changes the ABI
conftest.c:34:22: error: always_inline function '_mm256_addsub_ps' requires target feature 'avx', but would be inlined into function 'main' that is compiled without support for 'avx'
             mtest = _mm256_addsub_ps(mtest, mtest);
                     ^
conftest.c:34:22: error: AVX vector argument of type '__m256' (vector of 8 'float' values) without 'avx' enabled changes the ABI
conftest.c:35:36: error: '__builtin_ia32_vextractf128_ps256' needs target feature avx
             return _mm_cvtss_si32(_mm256_extractf128_ps(mtest, 0));
                                   ^
/Applications/Xcode_14_0_1.app/Contents/Developer/Toolchains/XcodeDefault.xctoolchain/usr/lib/clang/14.0.0/include/avxintrin.h:4701:12: note: expanded from macro '_mm256_extractf128_ps'
  ((__m128)__builtin_ia32_vextractf128_ps256((__v8sf)(__m256)(V), (int)(M)))
           ^
5 errors generated.
configure:14115: $? = 1
configure: failed program was:
| /* confdefs.h */
| #define PACKAGE_NAME "opus"
| #define PACKAGE_TARNAME "opus"
| #define PACKAGE_VERSION "1.3.1"
| #define PACKAGE_STRING "opus 1.3.1"
| #define PACKAGE_BUGREPORT "opus@xiph.org"
| #define PACKAGE_URL ""
| #define STDC_HEADERS 1
| #define HAVE_SYS_TYPES_H 1
| #define HAVE_SYS_STAT_H 1
| #define HAVE_STDLIB_H 1
| #define HAVE_STRING_H 1
| #define HAVE_MEMORY_H 1
| #define HAVE_STRINGS_H 1
| #define HAVE_INTTYPES_H 1
| #define HAVE_STDINT_H 1
| #define HAVE_UNISTD_H 1
| #define HAVE_DLFCN_H 1
| #define LT_OBJDIR ".libs/"
| #define OPUS_BUILD /**/
| #define restrict __restrict
| #define VAR_ARRAYS 1
| #define FIXED_POINT 1
| /* end confdefs.h.  */
| #include <immintrin.h>
|            #include <time.h>
| 
| int
| main ()
| {
| 
|              __m256 mtest;
|              mtest = _mm256_set1_ps((float)time(NULL));
|              mtest = _mm256_addsub_ps(mtest, mtest);
|              return _mm_cvtss_si32(_mm256_extractf128_ps(mtest, 0));
| 
| 
|   ;
|   return 0;
| }
configure:14125: result: no
configure:14127: checking if compiler supports AVX intrinsics with -mavx
configure:14149: gcc -o conftest -arch x86_64 -pipe -isysroot /Applications/Xcode_14_0_1.app/Contents/Developer/Platforms/MacOSX.platform/Developer/SDKs/MacOSX.sdk -Os -DNDEBUG -mmacosx-version-min=10.11  -mavx   conftest.c  >&5
configure:14149: $? = 0
configure:14151: result: yes
configure:14282: checking How to get X86 CPU Info
configure:14311: gcc -o conftest -arch x86_64 -pipe -isysroot /Applications/Xcode_14_0_1.app/Contents/Developer/Platforms/MacOSX.platform/Developer/SDKs/MacOSX.sdk -Os -DNDEBUG -mmacosx-version-min=10.11    conftest.c  >&5
configure:14311: $? = 0
configure:14313: result: Inline Assembly
configure:14647: checking if gcc supports -fvisibility=hidden
configure:14653: gcc -c -arch x86_64 -pipe -isysroot /Applications/Xcode_14_0_1.app/Contents/Developer/Platforms/MacOSX.platform/Developer/SDKs/MacOSX.sdk -Os -DNDEBUG -mmacosx-version-min=10.11  -fvisibility=hidden  conftest.c >&5
configure:14653: $? = 0
configure:14654: result: yes
configure:14696: checking if gcc supports -fstack-protector-strong
configure:14709: gcc -o conftest -arch x86_64 -pipe -isysroot /Applications/Xcode_14_0_1.app/Contents/Developer/Platforms/MacOSX.platform/Developer/SDKs/MacOSX.sdk -Os -DNDEBUG -mmacosx-version-min=10.11  -fvisibility=hidden -fstack-protector-strong   conftest.c  >&5
configure:14709: $? = 0
configure:14710: result: yes
configure:14727: checking whether to add -D_FORTIFY_SOURCE=2 to CFLAGS
configure:14743: gcc -o conftest -arch x86_64 -pipe -isysroot /Applications/Xcode_14_0_1.app/Contents/Developer/Platforms/MacOSX.platform/Developer/SDKs/MacOSX.sdk -Os -DNDEBUG -mmacosx-version-min=10.11  -fvisibility=hidden -fstack-protector-strong   conftest.c  >&5
configure:14743: $? = 0
configure:14745: result: yes
configure:14766: checking if gcc supports -Wall -Wextra -Wcast-align -Wnested-externs -Wshadow -Wstrict-prototypes
configure:14772: gcc -c -arch x86_64 -pipe -isysroot /Applications/Xcode_14_0_1.app/Contents/Developer/Platforms/MacOSX.platform/Developer/SDKs/MacOSX.sdk -Os -DNDEBUG -mmacosx-version-min=10.11  -fvisibility=hidden -fstack-protector-strong -D_FORTIFY_SOURCE=2 -W -Wall -Wextra -Wcast-align -Wnested-externs -Wshadow -Wstrict-prototypes  conftest.c >&5
configure:14772: $? = 0
configure:14773: result: yes
configure:14787: checking for lrintf
configure:14787: gcc -o conftest -arch x86_64 -pipe -isysroot /Applications/Xcode_14_0_1.app/Contents/Developer/Platforms/MacOSX.platform/Developer/SDKs/MacOSX.sdk -Os -DNDEBUG -mmacosx-version-min=10.11  -fvisibility=hidden -fstack-protector-strong -D_FORTIFY_SOURCE=2 -W -Wall -Wextra -Wcast-align -Wnested-externs -Wshadow -Wstrict-prototypes   conftest.c   >&5
conftest.c:57:13: warning: this function declaration is not a prototype [-Wstrict-prototypes]
char lrintf ();
            ^
             void
conftest.c:57:6: warning: incompatible redeclaration of library function 'lrintf' [-Wincompatible-library-redeclaration]
char lrintf ();
     ^
conftest.c:57:6: note: 'lrintf' is a builtin with type 'long (float)'
2 warnings generated.
configure:14787: $? = 0
configure:14787: result: yes
configure:14798: checking for lrint
configure:14798: gcc -o conftest -arch x86_64 -pipe -isysroot /Applications/Xcode_14_0_1.app/Contents/Developer/Platforms/MacOSX.platform/Developer/SDKs/MacOSX.sdk -Os -DNDEBUG -mmacosx-version-min=10.11  -fvisibility=hidden -fstack-protector-strong -D_FORTIFY_SOURCE=2 -W -Wall -Wextra -Wcast-align -Wnested-externs -Wshadow -Wstrict-prototypes   conftest.c   >&5
conftest.c:58:12: warning: this function declaration is not a prototype [-Wstrict-prototypes]
char lrint ();
           ^
            void
conftest.c:58:6: warning: incompatible redeclaration of library function 'lrint' [-Wincompatible-library-redeclaration]
char lrint ();
     ^
conftest.c:58:6: note: 'lrint' is a builtin with type 'long (double)'
2 warnings generated.
configure:14798: $? = 0
configure:14798: result: yes
configure:14811: checking for __malloc_hook
configure:14811: gcc -o conftest -arch x86_64 -pipe -isysroot /Applications/Xcode_14_0_1.app/Contents/Developer/Platforms/MacOSX.platform/Developer/SDKs/MacOSX.sdk -Os -DNDEBUG -mmacosx-version-min=10.11  -fvisibility=hidden -fstack-protector-strong -D_FORTIFY_SOURCE=2 -W -Wall -Wextra -Wcast-align -Wnested-externs -Wshadow -Wstrict-prototypes   conftest.c  >&5
conftest.c:59:20: warning: this function declaration is not a prototype [-Wstrict-prototypes]
char __malloc_hook ();
                   ^
                    void
1 warning generated.
Undefined symbols for architecture x86_64:
  "___malloc_hook", referenced from:
      _main in conftest-e1a8b7.o
ld: symbol(s) not found for architecture x86_64
clang: error: linker command failed with exit code 1 (use -v to see invocation)
configure:14811: $? = 1
configure: failed program was:
| /* confdefs.h */
| #define PACKAGE_NAME "opus"
| #define PACKAGE_TARNAME "opus"
| #define PACKAGE_VERSION "1.3.1"
| #define PACKAGE_STRING "opus 1.3.1"
| #define PACKAGE_BUGREPORT "opus@xiph.org"
| #define PACKAGE_URL ""
| #define STDC_HEADERS 1
| #define HAVE_SYS_TYPES_H 1
| #define HAVE_SYS_STAT_H 1
| #define HAVE_STDLIB_H 1
| #define HAVE_STRING_H 1
| #define HAVE_MEMORY_H 1
| #define HAVE_STRINGS_H 1
| #define HAVE_INTTYPES_H 1
| #define HAVE_STDINT_H 1
| #define HAVE_UNISTD_H 1
| #define HAVE_DLFCN_H 1
| #define LT_OBJDIR ".libs/"
| #define OPUS_BUILD /**/
| #define restrict __restrict
| #define VAR_ARRAYS 1
| #define FIXED_POINT 1
| #define OPUS_X86_MAY_HAVE_SSE 1
| #define OPUS_X86_PRESUME_SSE 1
| #define OPUS_X86_MAY_HAVE_SSE2 1
| #define OPUS_X86_PRESUME_SSE2 1
| #define OPUS_X86_MAY_HAVE_SSE4_1 1
| #define OPUS_X86_MAY_HAVE_AVX 1
| #define CPU_INFO_BY_ASM 1
| #define OPUS_HAVE_RTCD 1
| #define ENABLE_HARDENING 1
| #define HAVE_LRINTF 1
| #define HAVE_LRINT 1
| /* end confdefs.h.  */
| /* Define __malloc_hook to an innocuous variant, in case <limits.h> declares __malloc_hook.
|    For example, HP-UX 11i <limits.h> declares gettimeofday.  */
| #define __malloc_hook innocuous___malloc_hook
| 
| /* System header to define __stub macros and hopefully few prototypes,
|     which can conflict with char __malloc_hook (); below.
|     Prefer <limits.h> to <assert.h> if __STDC__ is defined, since
|     <limits.h> exists even on freestanding compilers.  */
| 
| #ifdef __STDC__
| # include <limits.h>
| #else
| # include <assert.h>
| #endif
| 
| #undef __malloc_hook
| 
| /* Override any GCC internal prototype to avoid an error.
|    Use char because int might match the return type of a GCC
|    builtin and then its argument prototype would still apply.  */
| #ifdef __cplusplus
| extern "C"
| #endif
| char __malloc_hook ();
| /* The GNU C library defines this for functions which it implements
|     to always fail with ENOSYS.  Some functions are actually named
|     something starting with __ and the normal name is an alias.  */
| #if defined __stub___malloc_hook || defined __stub_____malloc_hook
| choke me
| #endif
| 
| int
| main ()
| {
| return __malloc_hook ();
|   ;
|   return 0;
| }
configure:14811: result: no
configure:14937: checking that generated files are newer than configure
configure:14943: result: done
configure:15054: creating ./config.status

## ---------------------- ##
## Running config.status. ##
## ---------------------- ##

This file was extended by opus config.status 1.3.1, which was
generated by GNU Autoconf 2.69.  Invocation command line was

  CONFIG_FILES    = 
  CONFIG_HEADERS  = 
  CONFIG_LINKS    = 
  CONFIG_COMMANDS = 
  $ ./config.status 

on Mikes-MacBook-Pro.local

config.status:1163: creating Makefile
config.status:1163: creating opus.pc
config.status:1163: creating opus-uninstalled.pc
config.status:1163: creating celt/arm/armopts.s
config.status:1163: creating doc/Makefile
config.status:1163: creating doc/Doxyfile
config.status:1163: creating config.h
config.status:1392: executing depfiles commands
config.status:1392: executing libtool commands
configure:17234:
------------------------------------------------------------------------
  opus 1.3.1:  Automatic configuration OK.

    Compiler support:

      C99 var arrays: ................ yes
      C99 lrintf: .................... yes
      Use alloca: .................... no (using var arrays)

    General configuration:

      Floating point support: ........ no
      Fast float approximations: ..... no
      Fixed point debugging: ......... no
      Inline Assembly Optimizations: . disabled
      External Assembly Optimizations: disabled
      Intrinsics Optimizations: ...... x86 SSE SSE2 SSE4.1 AVX
      Run-time CPU detection: ........ x86 SSE4.1 AVX
      Custom modes: .................. no
      Assertion checking: ............ no
      Hardening: ..................... yes
      Fuzzing: ....................... no
      Check ASM: ..................... no

      API documentation: ............. no
      Extra programs: ................ no
------------------------------------------------------------------------

 Type "make; make install" to compile and install
 Type "make check" to run the test suite


## ---------------- ##
## Cache variables. ##
## ---------------- ##

ac_cv_build=arm-apple-darwin22.1.0
ac_cv_c_compiler_gnu=yes
ac_cv_c_const=yes
ac_cv_c_inline=inline
ac_cv_c_restrict=__restrict
ac_cv_env_ARM_NEON_INTR_CFLAGS_set=
ac_cv_env_ARM_NEON_INTR_CFLAGS_value=
ac_cv_env_CCASFLAGS_set=
ac_cv_env_CCASFLAGS_value=
ac_cv_env_CCAS_set=
ac_cv_env_CCAS_value=
ac_cv_env_CC_set=
ac_cv_env_CC_value=
ac_cv_env_CFLAGS_set=set
ac_cv_env_CFLAGS_value='-arch x86_64 -pipe -isysroot /Applications/Xcode_14_0_1.app/Contents/Developer/Platforms/MacOSX.platform/Developer/SDKs/MacOSX.sdk -Os -DNDEBUG -mmacosx-version-min=10.11 '
ac_cv_env_CPPFLAGS_set=
ac_cv_env_CPPFLAGS_value=
ac_cv_env_CPP_set=
ac_cv_env_CPP_value=
ac_cv_env_LDFLAGS_set=
ac_cv_env_LDFLAGS_value=
ac_cv_env_LIBS_set=
ac_cv_env_LIBS_value=
ac_cv_env_LT_SYS_LIBRARY_PATH_set=
ac_cv_env_LT_SYS_LIBRARY_PATH_value=
ac_cv_env_X86_AVX_CFLAGS_set=
ac_cv_env_X86_AVX_CFLAGS_value=
ac_cv_env_X86_SSE2_CFLAGS_set=
ac_cv_env_X86_SSE2_CFLAGS_value=
ac_cv_env_X86_SSE4_1_CFLAGS_set=
ac_cv_env_X86_SSE4_1_CFLAGS_value=
ac_cv_env_X86_SSE_CFLAGS_set=
ac_cv_env_X86_SSE_CFLAGS_value=
ac_cv_env_build_alias_set=set
ac_cv_env_build_alias_value=arm-apple-darwin22.1.0
ac_cv_env_host_alias_set=set
ac_cv_env_host_alias_value=x86_64-apple-darwin
ac_cv_env_target_alias_set=
ac_cv_env_target_alias_value=
ac_cv_func___malloc_hook=no
ac_cv_func_lrint=yes
ac_cv_func_lrintf=yes
ac_cv_header_dlfcn_h=yes
ac_cv_header_inttypes_h=yes
ac_cv_header_memory_h=yes
ac_cv_header_stdc=yes
ac_cv_header_stdint_h=yes
ac_cv_header_stdlib_h=yes
ac_cv_header_string_h=yes
ac_cv_header_strings_h=yes
ac_cv_header_sys_stat_h=yes
ac_cv_header_sys_types_h=yes
ac_cv_header_unistd_h=yes
ac_cv_host=x86_64-apple-darwin
ac_cv_objext=o
ac_cv_path_EGREP='/usr/bin/grep -E'
ac_cv_path_FGREP='/usr/bin/grep -F'
ac_cv_path_GREP=/usr/bin/grep
ac_cv_path_SED=/usr/bin/sed
ac_cv_path_install='/usr/bin/install -c'
ac_cv_path_lt_DD=/bin/dd
ac_cv_prog_AWK=awk
ac_cv_prog_CPP='gcc -E'
ac_cv_prog_STRIP=strip
ac_cv_prog_ac_ct_AR=ar
ac_cv_prog_ac_ct_CC=gcc
ac_cv_prog_ac_ct_DSYMUTIL=dsymutil
ac_cv_prog_ac_ct_DUMPBIN='link -dump'
ac_cv_prog_ac_ct_LIPO=lipo
ac_cv_prog_ac_ct_NMEDIT=nmedit
ac_cv_prog_ac_ct_OBJDUMP=objdump
ac_cv_prog_ac_ct_OTOOL=otool
ac_cv_prog_ac_ct_RANLIB=ranlib
ac_cv_prog_ac_ct_STRIP=strip
ac_cv_prog_cc_c89=
ac_cv_prog_cc_c99=
ac_cv_prog_cc_g=yes
ac_cv_prog_make_make_set=yes
am_cv_CCAS_dependencies_compiler_type=gcc3
am_cv_CC_dependencies_compiler_type=gcc3
am_cv_make_support_nested_variables=yes
am_cv_prog_cc_c_o=yes
lt_cv_apple_cc_single_mod=yes
lt_cv_ar_at_file=no
lt_cv_deplibs_check_method=pass_all
lt_cv_file_magic_cmd='$MAGIC_CMD'
lt_cv_file_magic_test_file=
lt_cv_ld_exported_symbols_list=yes
lt_cv_ld_force_load=yes
lt_cv_ld_reload_flag=-r
lt_cv_nm_interface='BSD nm'
lt_cv_objdir=.libs
lt_cv_path_LD=/Applications/Xcode_14_0_1.app/Contents/Developer/Toolchains/XcodeDefault.xctoolchain/usr/bin/ld
lt_cv_path_NM=no
lt_cv_path_mainfest_tool=no
lt_cv_prog_compiler_c_o=yes
lt_cv_prog_compiler_pic='-fno-common -DPIC'
lt_cv_prog_compiler_pic_works=yes
lt_cv_prog_compiler_rtti_exceptions=yes
lt_cv_prog_compiler_static_works=no
lt_cv_prog_gnu_ld=no
lt_cv_sharedlib_from_linklib_cmd='printf %s\n'
lt_cv_sys_global_symbol_pipe='sed -n -e '\''s/^.*[	 ]\([ABCDGIRSTW][ABCDGIRSTW]*\)[	 ][	 ]*_\([_A-Za-z][_A-Za-z0-9]*\)$/\1 _\2 \2/p'\'' | sed '\''/ __gnu_lto/d'\'''
lt_cv_sys_global_symbol_to_c_name_address='sed -n -e '\''s/^: \(.*\) .*$/  {"\1", (void *) 0},/p'\'' -e '\''s/^[ABCDGIRSTW][ABCDGIRSTW]* .* \(.*\)$/  {"\1", (void *) \&\1},/p'\'''
lt_cv_sys_global_symbol_to_c_name_address_lib_prefix='sed -n -e '\''s/^: \(.*\) .*$/  {"\1", (void *) 0},/p'\'' -e '\''s/^[ABCDGIRSTW][ABCDGIRSTW]* .* \(lib.*\)$/  {"\1", (void *) \&\1},/p'\'' -e '\''s/^[ABCDGIRSTW][ABCDGIRSTW]* .* \(.*\)$/  {"lib\1", (void *) \&\1},/p'\'''
lt_cv_sys_global_symbol_to_cdecl='sed -n -e '\''s/^T .* \(.*\)$/extern int \1();/p'\'' -e '\''s/^[ABCDGIRSTW][ABCDGIRSTW]* .* \(.*\)$/extern char \1;/p'\'''
lt_cv_sys_global_symbol_to_import=
lt_cv_sys_max_cmd_len=786432
lt_cv_to_host_file_cmd=func_convert_file_noop
lt_cv_to_tool_file_cmd=func_convert_file_noop
lt_cv_truncate_bin='/bin/dd bs=4096 count=1'

## ----------------- ##
## Output variables. ##
## ----------------- ##

ACLOCAL='${SHELL} /Users/mikerenoir/projects/Telegram-macOS/Telegram/core-xprojects/libopus/build/opus-1.3.1/missing aclocal-1.15'
AMDEPBACKSLASH='\'
AMDEP_FALSE='#'
AMDEP_TRUE=''
AMTAR='$${TAR-tar}'
AM_BACKSLASH='\'
AM_DEFAULT_V='$(AM_DEFAULT_VERBOSITY)'
AM_DEFAULT_VERBOSITY='0'
AM_V='$(V)'
AR='ar'
ARM2GNU_PARAMS=''
ARM_NEON_INTR_CFLAGS='-mfpu=neon'
AUTOCONF='${SHELL} /Users/mikerenoir/projects/Telegram-macOS/Telegram/core-xprojects/libopus/build/opus-1.3.1/missing autoconf'
AUTOHEADER='${SHELL} /Users/mikerenoir/projects/Telegram-macOS/Telegram/core-xprojects/libopus/build/opus-1.3.1/missing autoheader'
AUTOMAKE='${SHELL} /Users/mikerenoir/projects/Telegram-macOS/Telegram/core-xprojects/libopus/build/opus-1.3.1/missing automake-1.15'
AWK='awk'
CC='gcc'
CCAS='gcc'
CCASDEPMODE='depmode=gcc3'
CCASFLAGS='-arch x86_64 -pipe -isysroot /Applications/Xcode_14_0_1.app/Contents/Developer/Platforms/MacOSX.platform/Developer/SDKs/MacOSX.sdk -Os -DNDEBUG -mmacosx-version-min=10.11 '
CCDEPMODE='depmode=gcc3'
CFLAGS='-arch x86_64 -pipe -isysroot /Applications/Xcode_14_0_1.app/Contents/Developer/Platforms/MacOSX.platform/Developer/SDKs/MacOSX.sdk -Os -DNDEBUG -mmacosx-version-min=10.11  -fvisibility=hidden -fstack-protector-strong -D_FORTIFY_SOURCE=2 -W -Wall -Wextra -Wcast-align -Wnested-externs -Wshadow -Wstrict-prototypes'
CPP='gcc -E'
CPPFLAGS=''
CPU_ARM_FALSE=''
CPU_ARM_TRUE='#'
CUSTOM_MODES_FALSE=''
CUSTOM_MODES_TRUE='#'
CYGPATH_W='echo'
DEFS='-DHAVE_CONFIG_H'
DEPDIR='.deps'
DISABLE_FLOAT_API_FALSE=''
DISABLE_FLOAT_API_TRUE='#'
DLLTOOL='false'
DSYMUTIL='dsymutil'
DUMPBIN=':'
ECHO_C='\c'
ECHO_N=''
ECHO_T=''
EGREP='/usr/bin/grep -E'
EXEEXT=''
EXTRA_PROGRAMS_FALSE=''
EXTRA_PROGRAMS_TRUE='#'
FGREP='/usr/bin/grep -F'
FIXED_POINT_FALSE='#'
FIXED_POINT_TRUE=''
GREP='/usr/bin/grep'
HAVE_ARM_NE10=''
HAVE_ARM_NE10_FALSE=''
HAVE_ARM_NE10_TRUE='#'
HAVE_ARM_NEON_INTR_FALSE=''
HAVE_ARM_NEON_INTR_TRUE='#'
HAVE_AVX_FALSE='#'
HAVE_AVX_TRUE=''
HAVE_DOT=''
HAVE_DOXYGEN='no'
HAVE_DOXYGEN_FALSE=''
HAVE_DOXYGEN_TRUE='#'
HAVE_PERL=''
HAVE_SSE2_FALSE='#'
HAVE_SSE2_TRUE=''
HAVE_SSE4_1_FALSE='#'
HAVE_SSE4_1_TRUE=''
HAVE_SSE_FALSE='#'
HAVE_SSE_TRUE=''
INSTALL_DATA='${INSTALL} -m 644'
INSTALL_PROGRAM='${INSTALL}'
INSTALL_SCRIPT='${INSTALL}'
INSTALL_STRIP_PROGRAM='$(install_sh) -c -s'
LD='/Applications/Xcode_14_0_1.app/Contents/Developer/Toolchains/XcodeDefault.xctoolchain/usr/bin/ld'
LDFLAGS=''
LIBM=''
LIBOBJS=''
LIBS=''
LIBTOOL='$(SHELL) $(top_builddir)/libtool'
LIPO='lipo'
LN_S='ln -s'
LTLIBOBJS=''
LT_SYS_LIBRARY_PATH=''
MAINT=''
MAINTAINER_MODE_FALSE='#'
MAINTAINER_MODE_TRUE=''
MAKEINFO='${SHELL} /Users/mikerenoir/projects/Telegram-macOS/Telegram/core-xprojects/libopus/build/opus-1.3.1/missing makeinfo'
MANIFEST_TOOL=':'
MKDIR_P='./install-sh -c -d'
NE10_CFLAGS=''
NE10_LIBS=''
NM='nm'
NMEDIT='nmedit'
OBJDUMP='objdump'
OBJEXT='o'
OPUS_ARM_EXTERNAL_ASM_FALSE=''
OPUS_ARM_EXTERNAL_ASM_TRUE='#'
OPUS_ARM_INLINE_ASM_FALSE=''
OPUS_ARM_INLINE_ASM_TRUE='#'
OPUS_ARM_MAY_HAVE_EDSP=''
OPUS_ARM_MAY_HAVE_MEDIA=''
OPUS_ARM_MAY_HAVE_NEON=''
OPUS_ARM_NEON_INTR_CFLAGS=''
OPUS_HAVE_RTCD='1'
OPUS_LT_AGE='8'
OPUS_LT_CURRENT='8'
OPUS_LT_REVISION='0'
OPUS_X86_AVX_CFLAGS='-mavx'
OPUS_X86_SSE2_CFLAGS=''
OPUS_X86_SSE4_1_CFLAGS='-msse4.1'
OPUS_X86_SSE_CFLAGS=''
OTOOL64=':'
OTOOL='otool'
PACKAGE='opus'
PACKAGE_BUGREPORT='opus@xiph.org'
PACKAGE_NAME='opus'
PACKAGE_STRING='opus 1.3.1'
PACKAGE_TARNAME='opus'
PACKAGE_URL=''
PACKAGE_VERSION='1.3.1'
PATH_SEPARATOR=':'
PC_BUILD='fixed-point'
RANLIB='ranlib'
SED='/usr/bin/sed'
SET_MAKE=''
SHELL='/bin/sh'
STRIP='strip'
VERSION='1.3.1'
X86_AVX_CFLAGS='-mavx'
X86_SSE2_CFLAGS='-msse2'
X86_SSE4_1_CFLAGS='-msse4.1'
X86_SSE_CFLAGS='-msse'
ac_ct_AR='ar'
ac_ct_CC='gcc'
ac_ct_DUMPBIN='link -dump'
am__EXEEXT_FALSE=''
am__EXEEXT_TRUE='#'
am__fastdepCCAS_FALSE='#'
am__fastdepCCAS_TRUE=''
am__fastdepCC_FALSE='#'
am__fastdepCC_TRUE=''
am__include='include'
am__isrc=''
am__leading_dot='.'
am__nodep='_no'
am__quote=''
am__tar='$${TAR-tar} chof - "$$tardir"'
am__untar='$${TAR-tar} xf -'
bindir='${exec_prefix}/bin'
build='arm-apple-darwin22.1.0'
build_alias='arm-apple-darwin22.1.0'
build_cpu='arm'
build_os='darwin22.1.0'
build_vendor='apple'
datadir='${datarootdir}'
datarootdir='${prefix}/share'
docdir='${datarootdir}/doc/${PACKAGE_TARNAME}'
dvidir='${docdir}'
exec_prefix='${prefix}'
host='x86_64-apple-darwin'
host_alias='x86_64-apple-darwin'
host_cpu='x86_64'
host_os='darwin'
host_vendor='apple'
htmldir='${docdir}'
includedir='${prefix}/include'
infodir='${datarootdir}/info'
install_sh='${SHELL} /Users/mikerenoir/projects/Telegram-macOS/Telegram/core-xprojects/libopus/build/opus-1.3.1/install-sh'
libdir='${exec_prefix}/lib'
libexecdir='${exec_prefix}/libexec'
localedir='${datarootdir}/locale'
localstatedir='${prefix}/var'
mandir='${datarootdir}/man'
mkdir_p='$(MKDIR_P)'
oldincludedir='/usr/include'
pdfdir='${docdir}'
prefix='/usr/local'
program_transform_name='s,x,x,'
psdir='${docdir}'
sbindir='${exec_prefix}/sbin'
sharedstatedir='${prefix}/com'
sysconfdir='${prefix}/etc'
target_alias=''

## ----------- ##
## confdefs.h. ##
## ----------- ##

/* confdefs.h */
#define PACKAGE_NAME "opus"
#define PACKAGE_TARNAME "opus"
#define PACKAGE_VERSION "1.3.1"
#define PACKAGE_STRING "opus 1.3.1"
#define PACKAGE_BUGREPORT "opus@xiph.org"
#define PACKAGE_URL ""
#define STDC_HEADERS 1
#define HAVE_SYS_TYPES_H 1
#define HAVE_SYS_STAT_H 1
#define HAVE_STDLIB_H 1
#define HAVE_STRING_H 1
#define HAVE_MEMORY_H 1
#define HAVE_STRINGS_H 1
#define HAVE_INTTYPES_H 1
#define HAVE_STDINT_H 1
#define HAVE_UNISTD_H 1
#define HAVE_DLFCN_H 1
#define LT_OBJDIR ".libs/"
#define OPUS_BUILD /**/
#define restrict __restrict
#define VAR_ARRAYS 1
#define FIXED_POINT 1
#define OPUS_X86_MAY_HAVE_SSE 1
#define OPUS_X86_PRESUME_SSE 1
#define OPUS_X86_MAY_HAVE_SSE2 1
#define OPUS_X86_PRESUME_SSE2 1
#define OPUS_X86_MAY_HAVE_SSE4_1 1
#define OPUS_X86_MAY_HAVE_AVX 1
#define CPU_INFO_BY_ASM 1
#define OPUS_HAVE_RTCD 1
#define ENABLE_HARDENING 1
#define HAVE_LRINTF 1
#define HAVE_LRINT 1

configure: exit 0
